{"level":"\u001b[32minfo\u001b[39m","message":"{\"method\":\"::ffff:127.0.0.1\",\"url\":\"-\",\"status\":\"-\",\"responseTime\":\"[Fri,\"}","timestamp":"2025-02-14T17:34:23.623Z"}
{"level":"\u001b[32minfo\u001b[39m","message":"{\"method\":\"::ffff:127.0.0.1\",\"url\":\"-\",\"status\":\"-\",\"responseTime\":\"[Fri,\"}","timestamp":"2025-02-14T17:34:40.182Z"}
{"level":"\u001b[32minfo\u001b[39m","message":"{\"method\":\"::ffff:127.0.0.1\",\"url\":\"-\",\"status\":\"-\",\"responseTime\":\"[Fri,\"}","timestamp":"2025-02-14T17:34:48.825Z"}
{"level":"\u001b[32minfo\u001b[39m","message":"{\"method\":\"::ffff:127.0.0.1\",\"url\":\"-\",\"status\":\"-\",\"responseTime\":\"[Fri,\"}","timestamp":"2025-02-14T17:34:50.196Z"}
{"level":"\u001b[32minfo\u001b[39m","message":"{\"method\":\"::ffff:127.0.0.1\",\"url\":\"-\",\"status\":\"-\",\"responseTime\":\"[Fri,\"}","timestamp":"2025-02-14T17:34:54.038Z"}
{"level":"\u001b[32minfo\u001b[39m","message":"{\"method\":\"GET\",\"url\":\"/api/v1/services/\",\"status\":\"200\",\"responseTime\":\"168.145\"}","timestamp":"2025-02-14T17:35:38.544Z"}
{"level":"\u001b[32minfo\u001b[39m","message":"{\"method\":\"DELETE\",\"url\":\"/api/v1/services/\",\"status\":\"404\",\"responseTime\":\"1.039\"}","timestamp":"2025-02-14T17:35:47.425Z"}
{"level":"\u001b[32minfo\u001b[39m","message":"{\"method\":\"DELETE\",\"url\":\"/api/v1/services/?id=67af760a73937e80ff96cba2\",\"status\":\"404\",\"responseTime\":\"0.627\"}","timestamp":"2025-02-14T17:36:20.317Z"}
{"level":"\u001b[32minfo\u001b[39m","message":"{\"method\":\"GET\",\"url\":\"/api/v1/services/67af760a73937e80ff96cba2\",\"status\":\"500\",\"responseTime\":\"1.233\"}","timestamp":"2025-02-14T17:37:24.103Z"}
{"level":"\u001b[32minfo\u001b[39m","message":"{\"method\":\"GET\",\"url\":\"/api/v1/services/67af760a73937e80ff96cba2\",\"status\":\"500\",\"responseTime\":\"1.096\"}","timestamp":"2025-02-14T17:37:25.455Z"}
{"level":"\u001b[32minfo\u001b[39m","message":"{\"method\":\"GET\",\"url\":\"/api/v1/services/67af760a73937e80ff96cba2\",\"status\":\"500\",\"responseTime\":\"0.527\"}","timestamp":"2025-02-14T17:38:26.337Z"}
{"level":"\u001b[32minfo\u001b[39m","message":"{\"method\":\"GET\",\"url\":\"/api/v1/services/67af760a73937e80ff96cba2\",\"status\":\"500\",\"responseTime\":\"0.437\"}","timestamp":"2025-02-14T17:38:26.958Z"}
{"level":"\u001b[32minfo\u001b[39m","message":"{\"method\":\"GET\",\"url\":\"/api/v1/services/67af760a73937e80ff96cba2\",\"status\":\"500\",\"responseTime\":\"0.490\"}","timestamp":"2025-02-14T17:38:27.152Z"}
{"level":"\u001b[32minfo\u001b[39m","message":"{\"method\":\"PUT\",\"url\":\"/api/v1/services/67af760a73937e80ff96cba2\",\"status\":\"500\",\"responseTime\":\"5.774\"}","timestamp":"2025-02-14T17:38:32.452Z"}
{"level":"\u001b[32minfo\u001b[39m","message":"{\"method\":\"PUT\",\"url\":\"/api/v1/services/67af760a73937e80ff96cba2\",\"status\":\"500\",\"responseTime\":\"1.389\"}","timestamp":"2025-02-14T17:38:33.089Z"}
{"level":"\u001b[32minfo\u001b[39m","message":"{\"method\":\"PATCH\",\"url\":\"/api/v1/services/67af760a73937e80ff96cba2\",\"status\":\"404\",\"responseTime\":\"0.412\"}","timestamp":"2025-02-14T17:38:39.473Z"}
{"level":"\u001b[32minfo\u001b[39m","message":"{\"method\":\"DELETE\",\"url\":\"/api/v1/services/67af760a73937e80ff96cba2\",\"status\":\"500\",\"responseTime\":\"0.747\"}","timestamp":"2025-02-14T17:38:46.242Z"}
{"level":"\u001b[32minfo\u001b[39m","message":"{\"method\":\"GET\",\"url\":\"/api/v1/services/67af760a73937e80ff96cba2\",\"status\":\"500\",\"responseTime\":\"2.393\"}","timestamp":"2025-02-14T17:40:20.125Z"}
{"level":"\u001b[32minfo\u001b[39m","message":"{\"method\":\"GET\",\"url\":\"/api/v1/services/67af760a73937e80ff96cba2\",\"status\":\"500\",\"responseTime\":\"0.729\"}","timestamp":"2025-02-14T17:40:20.753Z"}
{"level":"\u001b[32minfo\u001b[39m","message":"{\"method\":\"GET\",\"url\":\"/api/v1/services/67af760a73937e80ff96cba2\",\"status\":\"500\",\"responseTime\":\"0.663\"}","timestamp":"2025-02-14T17:40:20.956Z"}
{"level":"\u001b[32minfo\u001b[39m","message":"{\"method\":\"GET\",\"url\":\"/api/v1/services/67af760a73937e80ff96cba2\",\"status\":\"500\",\"responseTime\":\"0.833\"}","timestamp":"2025-02-14T17:40:21.154Z"}
{"level":"\u001b[32minfo\u001b[39m","message":"{\"method\":\"GET\",\"url\":\"/api/v1/services/67af760a73937e80ff96cba2\",\"status\":\"500\",\"responseTime\":\"0.557\"}","timestamp":"2025-02-14T17:40:21.347Z"}
{"level":"\u001b[32minfo\u001b[39m","message":"{\"method\":\"GET\",\"url\":\"/api/v1/services/67af760a73937e80ff96cba2\",\"status\":\"500\",\"responseTime\":\"0.609\"}","timestamp":"2025-02-14T17:40:21.521Z"}
{"level":"\u001b[32minfo\u001b[39m","message":"{\"method\":\"GET\",\"url\":\"/api/v1/services/67af760a73937e80ff96cba2\",\"status\":\"500\",\"responseTime\":\"0.565\"}","timestamp":"2025-02-14T17:40:21.695Z"}
{"level":"\u001b[32minfo\u001b[39m","message":"{\"method\":\"GET\",\"url\":\"/api/v1/services/67af760a73937e80ff96cba2\",\"status\":\"500\",\"responseTime\":\"0.625\"}","timestamp":"2025-02-14T17:40:21.889Z"}
{"level":"\u001b[32minfo\u001b[39m","message":"{\"method\":\"GET\",\"url\":\"/api/v1/services/67af760a73937e80ff96cba2\",\"status\":\"500\",\"responseTime\":\"0.645\"}","timestamp":"2025-02-14T17:40:22.066Z"}
{"level":"\u001b[32minfo\u001b[39m","message":"{\"method\":\"GET\",\"url\":\"/api/v1/services/67af760a73937e80ff96cba2\",\"status\":\"200\",\"responseTime\":\"189.422\"}","timestamp":"2025-02-14T17:41:41.324Z"}
{"level":"\u001b[32minfo\u001b[39m","message":"{\"method\":\"GET\",\"url\":\"/api/v1/services/67af760a73937e80ff96cba2\",\"status\":\"200\",\"responseTime\":\"159.713\"}","timestamp":"2025-02-14T17:41:47.773Z"}
{"level":"\u001b[32minfo\u001b[39m","message":"{\"method\":\"PUT\",\"url\":\"/api/v1/services/67af760a73937e80ff96cba2\",\"status\":\"200\",\"responseTime\":\"177.296\"}","timestamp":"2025-02-14T17:42:03.378Z"}
{"level":"\u001b[32minfo\u001b[39m","message":"{\"method\":\"PUT\",\"url\":\"/api/v1/services/67af760a73937e80ff96cba2\",\"status\":\"200\",\"responseTime\":\"163.527\"}","timestamp":"2025-02-14T17:42:28.775Z"}
{"level":"info","message":"{\"method\":\"PUT\",\"url\":\"/api/v1/services/67af760a73937e80ff96cba\",\"status\":\"500\",\"responseTime\":\"11.858\"}","timestamp":"2025-02-14 23:14:09"}
{"level":"info","message":"{\"method\":\"PUT\",\"url\":\"/api/v1/services/67af760a73937e80ff96cba\",\"status\":\"500\",\"responseTime\":\"3.100\"}","timestamp":"2025-02-14 23:14:20"}
{"level":"info","message":"{\"method\":\"PUT\",\"url\":\"/api/v1/services/67af760a73937e80ff96cba\",\"status\":\"500\",\"responseTime\":\"2.458\"}","timestamp":"2025-02-14 23:14:21"}
{"level":"info","message":"{\"method\":\"PUT\",\"url\":\"/api/v1/services/67af760a73937e80ff96cba\",\"status\":\"500\",\"responseTime\":\"2.057\"}","timestamp":"2025-02-14 23:14:21"}
{"level":"info","message":"{\"method\":\"PUT\",\"url\":\"/api/v1/services/67af760a73937e80ff96cba2\",\"status\":\"200\",\"responseTime\":\"191.904\"}","timestamp":"2025-02-14 23:14:24"}
{"level":"\u001b[32minfo\u001b[39m","message":"{\"method\":\"GET\",\"url\":\"/api/v1/services/67af760a73937e80ff96cba2\",\"status\":\"200\",\"responseTime\":\"165.128\"}","timestamp":"2025-02-14T17:47:09.405Z"}
{"level":"\u001b[32minfo\u001b[39m","message":"{\"method\":\"GET\",\"url\":\"/favicon.ico\",\"status\":\"404\",\"responseTime\":\"0.633\"}","timestamp":"2025-02-14T17:47:09.505Z"}
{"level":"\u001b[32minfo\u001b[39m","message":"{\"method\":\"GET\",\"url\":\"/api/v1/services/67af760a73937e80ff96cba2\",\"status\":\"200\",\"responseTime\":\"201.429\"}","timestamp":"2025-02-14T17:48:05.972Z"}
{"level":"\u001b[32minfo\u001b[39m","message":"{\"method\":\"DELETE\",\"url\":\"/api/v1/services/67af760a73937e80ff96cba2\",\"status\":\"200\",\"responseTime\":\"160.803\"}","timestamp":"2025-02-14T17:48:13.361Z"}
{"level":"\u001b[32minfo\u001b[39m","message":"{\"method\":\"GET\",\"url\":\"/api/v1/services/\",\"status\":\"200\",\"responseTime\":\"159.271\"}","timestamp":"2025-02-14T17:48:20.528Z"}
{"level":"\u001b[32minfo\u001b[39m","message":"{\"method\":\"DELETE\",\"url\":\"/api/v1/services/67af7bd582f6024f22c0e156\",\"status\":\"200\",\"responseTime\":\"163.227\"}","timestamp":"2025-02-14T17:48:30.960Z"}
{"level":"\u001b[32minfo\u001b[39m","message":"{\"method\":\"GET\",\"url\":\"/api/v1/services/67af7bd582f6024f22c0e156\",\"status\":\"200\",\"responseTime\":\"148.526\"}","timestamp":"2025-02-14T17:48:34.376Z"}
{"level":"\u001b[32minfo\u001b[39m","message":"{\"method\":\"POST\",\"url\":\"/api/v1/services/\",\"status\":\"201\",\"responseTime\":\"164.814\"}","timestamp":"2025-02-14T17:49:21.341Z"}
{"level":"\u001b[32minfo\u001b[39m","message":"{\"method\":\"POST\",\"url\":\"/api/v1/services/\",\"status\":\"201\",\"responseTime\":\"170.995\"}","timestamp":"2025-02-14T17:49:58.554Z"}
{"level":"\u001b[32minfo\u001b[39m","message":"{\"method\":\"GET\",\"url\":\"/api/v1/services/\",\"status\":\"200\",\"responseTime\":\"159.284\"}","timestamp":"2025-02-14T17:50:08.287Z"}
{"level":"\u001b[32minfo\u001b[39m","message":"{\"method\":\"PUT\",\"url\":\"/api/v1/services/67af82214a127a4f4e80f26e\",\"status\":\"200\",\"responseTime\":\"176.265\"}","timestamp":"2025-02-14T17:50:30.507Z"}
{"level":"\u001b[32minfo\u001b[39m","message":"{\"method\":\"PUT\",\"url\":\"/api/v1/services/67af82214a127a4f4e80f26e\",\"status\":\"200\",\"responseTime\":\"136.613\"}","timestamp":"2025-02-14T17:50:36.016Z"}
{"level":"\u001b[32minfo\u001b[39m","message":"{\"method\":\"PUT\",\"url\":\"/api/v1/services/67af82214a127a4f4e80f26e\",\"status\":\"200\",\"responseTime\":\"157.114\"}","timestamp":"2025-02-14T17:50:43.006Z"}
{"level":"\u001b[32minfo\u001b[39m","message":"{\"method\":\"PUT\",\"url\":\"/api/v1/services/67af82214a127a4f4e80f26e\",\"status\":\"200\",\"responseTime\":\"135.723\"}","timestamp":"2025-02-14T17:50:50.400Z"}
{"level":"\u001b[32minfo\u001b[39m","message":"{\"method\":\"GET\",\"url\":\"/api/v1/services/\",\"status\":\"200\",\"responseTime\":\"154.475\"}","timestamp":"2025-02-14T17:50:59.341Z"}
{"level":"\u001b[32minfo\u001b[39m","message":"{\"method\":\"PUT\",\"url\":\"/api/v1/services/67af82214a127a4f4e80f26e\",\"status\":\"200\",\"responseTime\":\"165.640\"}","timestamp":"2025-02-14T17:51:54.730Z"}
{"level":"\u001b[32minfo\u001b[39m","message":"{\"method\":\"GET\",\"url\":\"/api/v1/services/\",\"status\":\"200\",\"responseTime\":\"150.810\"}","timestamp":"2025-02-14T17:51:58.258Z"}
{"level":"\u001b[32minfo\u001b[39m","message":"{\"method\":\"GET\",\"url\":\"/api/v1/services\",\"status\":\"500\",\"responseTime\":\"10011.066\"}","timestamp":"2025-02-14T19:19:04.257Z"}
{"level":"\u001b[32minfo\u001b[39m","message":"{\"method\":\"GET\",\"url\":\"/api/v1/services/\",\"status\":\"500\",\"responseTime\":\"10016.209\"}","timestamp":"2025-02-14T19:20:08.625Z"}
{"level":"\u001b[32minfo\u001b[39m","message":"{\"method\":\"GET\",\"url\":\"/api/v1/services/\",\"status\":\"200\",\"responseTime\":\"271.019\"}","timestamp":"2025-02-14T19:21:53.970Z"}
{"level":"\u001b[32minfo\u001b[39m","message":"{\"method\":\"GET\",\"url\":\"/api/v1/services/\",\"status\":\"200\",\"responseTime\":\"200.764\"}","timestamp":"2025-02-14T19:23:44.222Z"}
{"level":"\u001b[32minfo\u001b[39m","message":"{\"method\":\"POST\",\"url\":\"/api/v1/services/\",\"status\":\"400\",\"responseTime\":\"3.707\"}","timestamp":"2025-02-14T19:24:34.041Z"}
{"level":"\u001b[32minfo\u001b[39m","message":"{\"method\":\"DELETE\",\"url\":\"/api/v1/services/\",\"status\":\"404\",\"responseTime\":\"0.604\"}","timestamp":"2025-02-14T19:26:00.230Z"}
{"level":"\u001b[32minfo\u001b[39m","message":"{\"method\":\"POST\",\"url\":\"/api/v1/services/\",\"status\":\"500\",\"responseTime\":\"12.808\"}","timestamp":"2025-02-14T19:27:01.534Z"}
{"level":"\u001b[32minfo\u001b[39m","message":"{\"method\":\"POST\",\"url\":\"/api/v1/services/\",\"status\":\"400\",\"responseTime\":\"6.166\"}","timestamp":"2025-02-14T19:27:45.021Z"}
{"level":"\u001b[32minfo\u001b[39m","message":"{\"method\":\"POST\",\"url\":\"/api/v1/services/\",\"status\":\"400\",\"responseTime\":\"7.005\"}","timestamp":"2025-02-14T19:28:26.733Z"}
{"level":"\u001b[32minfo\u001b[39m","message":"{\"method\":\"POST\",\"url\":\"/api/v1/services/\",\"status\":\"400\",\"responseTime\":\"1.589\"}","timestamp":"2025-02-14T19:28:27.689Z"}
{"level":"\u001b[32minfo\u001b[39m","message":"{\"method\":\"POST\",\"url\":\"/api/v1/services/\",\"status\":\"400\",\"responseTime\":\"2.015\"}","timestamp":"2025-02-14T19:28:27.912Z"}
{"level":"\u001b[32minfo\u001b[39m","message":"{\"method\":\"POST\",\"url\":\"/api/v1/services/\",\"status\":\"400\",\"responseTime\":\"2.269\"}","timestamp":"2025-02-14T19:28:28.088Z"}
{"level":"\u001b[32minfo\u001b[39m","message":"{\"method\":\"POST\",\"url\":\"/api/v1/services/\",\"status\":\"400\",\"responseTime\":\"1.431\"}","timestamp":"2025-02-14T19:28:28.487Z"}
{"level":"\u001b[32minfo\u001b[39m","message":"{\"method\":\"POST\",\"url\":\"/api/v1/services/\",\"status\":\"400\",\"responseTime\":\"0.863\"}","timestamp":"2025-02-14T19:28:28.860Z"}
{"level":"\u001b[32minfo\u001b[39m","message":"{\"method\":\"POST\",\"url\":\"/api/v1/services/\",\"status\":\"400\",\"responseTime\":\"0.662\"}","timestamp":"2025-02-14T19:28:29.568Z"}
{"level":"\u001b[32minfo\u001b[39m","message":"{\"method\":\"POST\",\"url\":\"/api/v1/services/\",\"status\":\"400\",\"responseTime\":\"0.757\"}","timestamp":"2025-02-14T19:28:30.023Z"}
{"level":"\u001b[32minfo\u001b[39m","message":"{\"method\":\"POST\",\"url\":\"/api/v1/services/\",\"status\":\"400\",\"responseTime\":\"1.894\"}","timestamp":"2025-02-14T19:28:30.234Z"}
{"level":"\u001b[32minfo\u001b[39m","message":"{\"method\":\"POST\",\"url\":\"/api/v1/services/\",\"status\":\"400\",\"responseTime\":\"1.772\"}","timestamp":"2025-02-14T19:28:30.428Z"}
{"level":"\u001b[32minfo\u001b[39m","message":"{\"method\":\"GET\",\"url\":\"/api/v1/services/dsadasd\",\"status\":\"500\",\"responseTime\":\"5.984\"}","timestamp":"2025-02-14T19:29:12.032Z"}
{"level":"\u001b[32minfo\u001b[39m","message":"{\"method\":\"GET\",\"url\":\"/api/v1/services/dsadasd\",\"status\":\"500\",\"responseTime\":\"1.336\"}","timestamp":"2025-02-14T19:29:13.389Z"}
{"level":"\u001b[32minfo\u001b[39m","message":"{\"method\":\"GET\",\"url\":\"/api/v1/services/dsadasd\",\"status\":\"500\",\"responseTime\":\"2.256\"}","timestamp":"2025-02-14T19:29:14.227Z"}
{"level":"\u001b[32minfo\u001b[39m","message":"{\"method\":\"GET\",\"url\":\"/api/v1/services/dsadasd\",\"status\":\"500\",\"responseTime\":\"1.286\"}","timestamp":"2025-02-14T19:29:17.564Z"}
{"level":"\u001b[32minfo\u001b[39m","message":"{\"method\":\"GET\",\"url\":\"/api/v1/services/dsadasd\",\"status\":\"500\",\"responseTime\":\"1.441\"}","timestamp":"2025-02-14T19:29:17.806Z"}
{"level":"\u001b[32minfo\u001b[39m","message":"{\"method\":\"GET\",\"url\":\"/api/v1/services/dsadasd\",\"status\":\"500\",\"responseTime\":\"0.925\"}","timestamp":"2025-02-14T19:29:17.979Z"}
{"level":"\u001b[32minfo\u001b[39m","message":"{\"method\":\"GET\",\"url\":\"/api/v1/services/dsadasd\",\"status\":\"500\",\"responseTime\":\"1.164\"}","timestamp":"2025-02-14T19:29:18.157Z"}
{"level":"\u001b[32minfo\u001b[39m","message":"{\"method\":\"GET\",\"url\":\"/api/v1/services/dsadasd\",\"status\":\"500\",\"responseTime\":\"1.021\"}","timestamp":"2025-02-14T19:29:18.333Z"}
{"level":"\u001b[32minfo\u001b[39m","message":"{\"method\":\"GET\",\"url\":\"/api/v1/services/dsadasd\",\"status\":\"500\",\"responseTime\":\"3.530\"}","timestamp":"2025-02-14T19:29:18.535Z"}
{"level":"\u001b[32minfo\u001b[39m","message":"{\"method\":\"GET\",\"url\":\"/api/v1/services/dsadasd\",\"status\":\"500\",\"responseTime\":\"3.780\"}","timestamp":"2025-02-14T19:29:18.738Z"}
{"level":"\u001b[32minfo\u001b[39m","message":"{\"method\":\"GET\",\"url\":\"/api/v1/services/dsadasd\",\"status\":\"500\",\"responseTime\":\"1.271\"}","timestamp":"2025-02-14T19:29:18.912Z"}
{"level":"\u001b[32minfo\u001b[39m","message":"{\"method\":\"GET\",\"url\":\"/api/v1/services/dsadasd\",\"status\":\"500\",\"responseTime\":\"1.843\"}","timestamp":"2025-02-14T19:29:19.104Z"}
{"level":"\u001b[32minfo\u001b[39m","message":"{\"method\":\"GET\",\"url\":\"/api/v1/services/dsadasd\",\"status\":\"500\",\"responseTime\":\"0.920\"}","timestamp":"2025-02-14T19:29:21.706Z"}
{"level":"\u001b[32minfo\u001b[39m","message":"{\"method\":\"GET\",\"url\":\"/api/v1/services/dsadasd\",\"status\":\"500\",\"responseTime\":\"0.799\"}","timestamp":"2025-02-14T19:29:22.377Z"}
{"level":"\u001b[32minfo\u001b[39m","message":"{\"method\":\"GET\",\"url\":\"/api/v1/services/dsadasd\",\"status\":\"500\",\"responseTime\":\"0.718\"}","timestamp":"2025-02-14T19:29:22.892Z"}
{"level":"\u001b[32minfo\u001b[39m","message":"{\"method\":\"GET\",\"url\":\"/api/v1/services/dsadasd\",\"status\":\"500\",\"responseTime\":\"0.921\"}","timestamp":"2025-02-14T19:29:23.196Z"}
{"level":"\u001b[32minfo\u001b[39m","message":"{\"method\":\"GET\",\"url\":\"/api/v1/services/dsadasd\",\"status\":\"400\",\"responseTime\":\"2.437\"}","timestamp":"2025-02-14T19:30:09.146Z"}
{"level":"\u001b[32minfo\u001b[39m","message":"{\"method\":\"GET\",\"url\":\"/api/v1/services/dsadasd\",\"status\":\"400\",\"responseTime\":\"0.993\"}","timestamp":"2025-02-14T19:30:10.076Z"}
{"level":"\u001b[32minfo\u001b[39m","message":"{\"method\":\"GET\",\"url\":\"/api/v1/services/dsadasd\",\"status\":\"500\",\"responseTime\":\"2.345\"}","timestamp":"2025-02-14T19:30:51.505Z"}
{"level":"\u001b[32minfo\u001b[39m","message":"{\"method\":\"DELETE\",\"url\":\"/api/v1/services/dsadasd\",\"status\":\"400\",\"responseTime\":\"2.186\"}","timestamp":"2025-02-14T19:32:14.686Z"}
{"level":"\u001b[32minfo\u001b[39m","message":"{\"method\":\"GET\",\"url\":\"/api/v1/services/dsadasd\",\"status\":\"400\",\"responseTime\":\"1.053\"}","timestamp":"2025-02-14T19:32:25.370Z"}
{"level":"\u001b[32minfo\u001b[39m","message":"{\"method\":\"GET\",\"url\":\"/api/v1/services/\",\"status\":\"200\",\"responseTime\":\"184.751\"}","timestamp":"2025-02-14T19:32:30.032Z"}
{"level":"\u001b[32minfo\u001b[39m","message":"{\"method\":\"GET\",\"url\":\"/api/v1/services/67af82214a127a4f4e80f26e\",\"status\":\"200\",\"responseTime\":\"184.354\"}","timestamp":"2025-02-14T19:32:37.588Z"}
{"level":"\u001b[32minfo\u001b[39m","message":"{\"method\":\"GET\",\"url\":\"/api/v1/services/67af82214a127a4f4e80f26e\",\"status\":\"200\",\"responseTime\":\"657.285\"}","timestamp":"2025-02-14T19:40:28.556Z"}
{"level":"\u001b[32minfo\u001b[39m","message":"{\"method\":\"GET\",\"url\":\"/api/v1/services/67af82214\",\"status\":\"500\",\"responseTime\":\"1.449\"}","timestamp":"2025-02-14T19:40:32.631Z"}
{"level":"\u001b[32minfo\u001b[39m","message":"{\"method\":\"GET\",\"url\":\"/api/v1/services/67af82214\",\"status\":\"500\",\"responseTime\":\"1.086\"}","timestamp":"2025-02-14T19:40:34.977Z"}
{"level":"\u001b[32minfo\u001b[39m","message":"{\"method\":\"GET\",\"url\":\"/api/v1/services/67af82214\",\"status\":\"500\",\"responseTime\":\"0.936\"}","timestamp":"2025-02-14T19:40:35.472Z"}
{"level":"\u001b[32minfo\u001b[39m","message":"{\"method\":\"GET\",\"url\":\"/api/v1/services/67af82214\",\"status\":\"500\",\"responseTime\":\"1.235\"}","timestamp":"2025-02-14T19:40:35.666Z"}
{"level":"\u001b[32minfo\u001b[39m","message":"{\"method\":\"GET\",\"url\":\"/api/v1/services/67af82214\",\"status\":\"500\",\"responseTime\":\"0.587\"}","timestamp":"2025-02-14T19:40:35.842Z"}
{"level":"\u001b[32minfo\u001b[39m","message":"{\"method\":\"GET\",\"url\":\"/api/v1/services/67af82214\",\"status\":\"500\",\"responseTime\":\"0.589\"}","timestamp":"2025-02-14T19:40:36.018Z"}
{"level":"\u001b[32minfo\u001b[39m","message":"{\"method\":\"GET\",\"url\":\"/api/v1/services/67af82214\",\"status\":\"500\",\"responseTime\":\"0.575\"}","timestamp":"2025-02-14T19:40:41.177Z"}
{"level":"\u001b[32minfo\u001b[39m","message":"{\"method\":\"GET\",\"url\":\"/api/v1/services/67af82214sa\",\"status\":\"500\",\"responseTime\":\"1.319\"}","timestamp":"2025-02-14T19:40:43.458Z"}
{"level":"\u001b[32minfo\u001b[39m","message":"{\"method\":\"GET\",\"url\":\"/api/v1/services/67af82214sa\",\"status\":\"500\",\"responseTime\":\"0.609\"}","timestamp":"2025-02-14T19:40:44.108Z"}
{"level":"\u001b[32minfo\u001b[39m","message":"{\"method\":\"GET\",\"url\":\"/api/v1/services/67af82214sa\",\"status\":\"500\",\"responseTime\":\"0.529\"}","timestamp":"2025-02-14T19:40:44.491Z"}
{"level":"\u001b[32minfo\u001b[39m","message":"{\"method\":\"GET\",\"url\":\"/api/v1/services/67af82214sa\",\"status\":\"500\",\"responseTime\":\"2.469\"}","timestamp":"2025-02-14T19:41:03.504Z"}
{"level":"\u001b[32minfo\u001b[39m","message":"{\"method\":\"GET\",\"url\":\"/api/v1/services/67af82214sa\",\"status\":\"500\",\"responseTime\":\"3.880\"}","timestamp":"2025-02-14T19:41:29.729Z"}
{"level":"\u001b[32minfo\u001b[39m","message":"{\"method\":\"POST\",\"url\":\"/api/v1/services/67af82214sa\",\"status\":\"404\",\"responseTime\":\"0.853\"}","timestamp":"2025-02-14T19:41:37.366Z"}
{"level":"\u001b[32minfo\u001b[39m","message":"{\"method\":\"GET\",\"url\":\"/api/v1/services/67af82214sa\",\"status\":\"500\",\"responseTime\":\"1.551\"}","timestamp":"2025-02-14T19:41:41.449Z"}
{"level":"\u001b[32minfo\u001b[39m","message":"{\"method\":\"GET\",\"url\":\"/api/v1/services/67af82214sa\",\"status\":\"400\",\"responseTime\":\"4.942\"}","timestamp":"2025-02-14T19:41:58.137Z"}
